Arguments: 
  /usr/local/Cellar/node/9.8.0/bin/node /usr/local/Cellar/yarn/1.5.1_1/libexec/bin/yarn.js build

PATH: 
  /Library/Frameworks/Python.framework/Versions/3.6/bin:/usr/local/bin:/usr/bin:/bin:/usr/sbin:/sbin:/opt/X11/bin:/Users/fcruz/Library/Android/sdk/tools:/Users/fcruz/Library/Android/sdk/platform-tools

Yarn version: 
  1.5.1

Node version: 
  9.8.0

Platform: 
  darwin x64

npm manifest: 
  {
    "name": "anime-ratings",
    "version": "1.0.0",
    "description": "",
    "main": "index.js",
    "scripts": {
      "start": "node app.js",
      "test": "mocha -t 100000"
    },
    "author": "",
    "license": "ISC",
    "dependencies": {
      "anilist-api-pt": "^1.0.0",
      "bcrypt": "^1.0.3",
      "body-parser": "^1.18.2",
      "bootstrap": "^4.0.0",
      "chai": "^4.1.2",
      "chai-http": "^3.0.0",
      "cookie-parser": "^1.4.3",
      "dotenv": "^4.0.0",
      "eslint": "^4.18.2",
      "express": "^4.16.2",
      "express-handlebars": "^3.0.0",
      "jquery": "^3.3.1",
      "jsonwebtoken": "^8.2.0",
      "kitsu": "^3.1.4",
      "kitsu.js": "^2.0.0",
      "mal-scrape": "^1.1.0",
      "mal-scraper": "^2.4.2",
      "malapi": "0.0.3",
      "method-override": "^2.3.10",
      "mocha": "^4.1.0",
      "moment": "^2.21.0",
      "mongoose": "^4.13.11",
      "nani": "^1.2.0",
      "nodemon": "^1.17.2",
      "npm": "^5.7.1",
      "popper": "^1.0.1",
      "popper.js": "^1.13.0",
      "popura": "^1.2.5",
      "react": "^16.2.0",
      "react-dom": "^16.2.0",
      "sinon": "^4.4.2"
    }
  }

yarn manifest: 
  No manifest

Lockfile: 
  No lockfile

Trace: 
  Error: Command "build" not found.
      at new MessageError (/usr/local/Cellar/yarn/1.5.1_1/libexec/lib/cli.js:186:110)
      at /usr/local/Cellar/yarn/1.5.1_1/libexec/lib/cli.js:87307:17
      at Generator.next (<anonymous>)
      at step (/usr/local/Cellar/yarn/1.5.1_1/libexec/lib/cli.js:98:30)
      at /usr/local/Cellar/yarn/1.5.1_1/libexec/lib/cli.js:116:14
      at new Promise (<anonymous>)
      at new F (/usr/local/Cellar/yarn/1.5.1_1/libexec/lib/cli.js:23451:28)
      at /usr/local/Cellar/yarn/1.5.1_1/libexec/lib/cli.js:95:12
      at runCommand (/usr/local/Cellar/yarn/1.5.1_1/libexec/lib/cli.js:87312:22)
      at Object.<anonymous> (/usr/local/Cellar/yarn/1.5.1_1/libexec/lib/cli.js:87412:14)
